FprintMA_v2.1.7-teksun/proguard/mapping.txt
ma.library.FingerCapture -> ma.library.d:
    ma.library.FingerThread mFingerThread -> a
    ma.library.CaptureAction mCaptureAction -> b
    byte[] srcBytes -> d
    int W -> e
    int H -> f
    ma.library.FingerAction mFingerAction -> c
    void startEnroll(ma.library.CaptureAction) -> a
    byte[] access$0(ma.library.FingerCapture) -> a
ma.library.FingerCapture$1 -> ma.library.e:
    ma.library.FingerCapture this$0 -> a
    void FingerDown() -> a
    void FingerUp() -> b
ma.library.FingerEnroll -> ma.library.f:
    ma.library.FingerThread mFingerThread -> a
    ma.library.EnrollAction mEnrollAction -> b
    int sel -> c
    int curGrade -> e
    int preGrade -> f
    ma.library.FingerAction mFingerAction -> d
    void startEnroll(int,ma.library.EnrollAction) -> a
    void stopEnroll() -> a
    void access$0(ma.library.FingerEnroll,int) -> a
    int access$1(ma.library.FingerEnroll) -> a
    int access$2(ma.library.FingerEnroll) -> b
    void access$3(ma.library.FingerEnroll,int) -> b
ma.library.FingerEnroll$1 -> ma.library.g:
    ma.library.FingerEnroll this$0 -> a
    void FingerDown() -> a
    void FingerUp() -> b
ma.library.FingerThread -> ma.library.h:
    boolean isThreadStop -> a
    boolean hasDown -> b
    boolean isThreadWait -> c
    java.lang.Object fingerThreadLock -> d
    int checkReturn -> e
    java.util.ArrayList mHandlers -> f
    java.util.ArrayList mFingerActions -> g
    ma.library.FingerThread mFingerThread -> h
    ma.library.FingerThread getFingerThreadInstance() -> a
    void FingerThreadWait() -> b
    void FingerThreadResume() -> c
    void setAction(ma.library.FingerAction) -> a
    void removeAction(ma.library.FingerAction) -> b
    void run() -> run
    void notifyListener(int) -> a
ma.library.MatchAction -> ma.library.i:
    void FingerMatchSucess() -> a
    void FingerMatchFail() -> b
ma.library.PhoneStatusBroadcastReceiver -> ma.library.PhoneStatusBroadcastReceiver:
    android.os.Handler mHandler -> a
    void onReceive(android.content.Context,android.content.Intent) -> onReceive
    android.content.IntentFilter getFilter() -> a
ma.library.Util -> ma.library.j:
    java.lang.String getPath() -> a
    void vibrate$1a54e731(android.content.Context) -> a
    void writeXML(android.content.Context,java.lang.String,int) -> a
    int readXML$607b6e67(android.content.Context,java.lang.String) -> a
ma.release.Fprint -> ma.release.a:
    int open() -> a
ma.release.Jnifp -> ma.release.Jnifp:
    int open(java.lang.String,java.lang.String) -> open
    int ioctl(int,int) -> ioctl
    int initFactory() -> initFactory
    int initBoot(int,int) -> initBoot
    int check(int) -> check
    int enroll(int) -> enroll
    int match(int) -> match
    int clear(int) -> clear
    int doState(byte[],int) -> doState
    int update(int) -> update
    int power(int) -> power
    int score(byte[],int) -> score
    int start() -> start
ma.service.BootService -> ma.service.BootService:
    java.lang.String ACTION_BOOT -> a
    void onReceive(android.content.Context,android.content.Intent) -> onReceive
ma.service.MatchService -> ma.service.MatchService:
    java.lang.String MA_UNLOCK -> a
    android.os.Handler mHandler -> c
    ma.library.PhoneStatusBroadcastReceiver mReceiver -> d
    ma.statusMachine.FingerPrintMachine mFPM -> e
    boolean init -> f
    ma.library.MatchAction fa -> b
    void onCreate() -> onCreate
    void onDestroy() -> onDestroy
    android.os.IBinder onBind(android.content.Intent) -> onBind
    ma.statusMachine.FingerPrintMachine access$0(ma.service.MatchService) -> a
ma.service.MatchService$1 -> ma.service.a:
    ma.service.MatchService this$0 -> a
    void FingerMatchSucess() -> a
    void FingerMatchFail() -> b
ma.service.MatchService$MatchHandler -> ma.service.b:
    ma.service.MatchService this$0 -> a
    void handleMessage(android.os.Message) -> handleMessage